<?xml version="1.0" encoding="UTF-8"?>
<coverage generated="1660386384626" clover="3.2.0">
  <project timestamp="1660386384627" name="All files">
    <metrics statements="10" coveredstatements="8" conditionals="0" coveredconditionals="0" methods="4" coveredmethods="3" elements="14" coveredelements="11" complexity="0" loc="10" ncloc="10" packages="1" files="2" classes="2"/>
    <file name="best-string.ts" path="D:\Programming\Projects\Packages\best-string\src\best-string.ts">
      <metrics statements="8" coveredstatements="6" conditionals="0" coveredconditionals="0" methods="4" coveredmethods="3"/>
      <line num="1" count="1" type="stmt"/>
      <line num="2" count="1" type="stmt"/>
      <line num="6" count="0" type="stmt"/>
      <line num="7" count="0" type="stmt"/>
      <line num="11" count="2" type="stmt"/>
      <line num="12" count="2" type="stmt"/>
      <line num="13" count="2" type="stmt"/>
      <line num="17" count="1" type="stmt"/>
    </file>
    <file name="index.ts" path="D:\Programming\Projects\Packages\best-string\src\index.ts">
      <metrics statements="2" coveredstatements="2" conditionals="0" coveredconditionals="0" methods="0" coveredmethods="0"/>
      <line num="1" count="1" type="stmt"/>
      <line num="3" count="1" type="stmt"/>
    </file>
  </project>
</coverage>
